# JRE version: Java(TM) SE Runtime Environment (18.0.2.1+1) (build 18.0.2.1+1-1)
# Java VM: Java HotSpot(TM) 64-Bit Server VM (18.0.2.1+1-1, mixed mode, sharing, tiered, compressed oops, compressed class ptrs, g1 gc, windows-amd64)
GC Precious Log:
 CardTable entry size: 512
 Card Set container configuration: InlinePtr #cards 5 size 8 Array Of Cards #cards 12 size 40 Howl #buckets 4 coarsen threshold 1843 Howl Bitmap #cards 512 size 80 coarsen threshold 460 Card regions per heap region 1 cards per card region 2048
 CPUs: 4 total, 4 available
 Memory: 8117M
 Large Page Support: Disabled
 NUMA Support: Disabled
 Compressed Oops: Enabled (32-bit)
 Heap Region Size: 1M
 Heap Min Capacity: 8M
 Heap Initial Capacity: 128M
 Heap Max Capacity: 2G
 Pre-touch: Disabled
 Parallel Workers: 4
 Concurrent Workers: 1
 Concurrent Refinement Workers: 4
 Periodic GC: Disabled
Heap:
 garbage-first heap   total 203776K, used 130822K [0x0000000080000000, 0x0000000100000000)
  region size 1024K, 2 young (2048K), 2 survivors (2048K)
 Metaspace       used 84149K, committed 86336K, reserved 552960K
  class space    used 11719K, committed 12800K, reserved 421888K
GC Heap History (20 events):
Event: 30.120 GC heap after
{Heap after GC invocations=29 (full 0):
 garbage-first heap   total 109568K, used 68413K [0x0000000080000000, 0x0000000100000000)
  region size 1024K, 2 young (2048K), 2 survivors (2048K)
 Metaspace       used 65158K, committed 66944K, reserved 487424K
  class space    used 9061K, committed 9984K, reserved 421888K
}
Event: 30.704 GC heap before
{Heap before GC invocations=30 (full 0):
 garbage-first heap   total 130048K, used 92989K [0x0000000080000000, 0x0000000100000000)
  region size 1024K, 23 young (23552K), 2 survivors (2048K)
 Metaspace       used 68332K, committed 70080K, reserved 487424K
  class space    used 9429K, committed 10304K, reserved 421888K
}
Event: 30.709 GC heap after
{Heap after GC invocations=31 (full 0):
 garbage-first heap   total 130048K, used 72211K [0x0000000080000000, 0x0000000100000000)
  region size 1024K, 3 young (3072K), 3 survivors (3072K)
 Metaspace       used 68332K, committed 70080K, reserved 487424K
  class space    used 9429K, committed 10304K, reserved 421888K
}
Event: 30.787 GC heap before
{Heap before GC invocations=31 (full 0):
 garbage-first heap   total 130048K, used 75283K [0x0000000080000000, 0x0000000100000000)
  region size 1024K, 6 young (6144K), 3 survivors (3072K)
 Metaspace       used 68555K, committed 70336K, reserved 487424K
  class space    used 9453K, committed 10368K, reserved 421888K
}
Event: 30.792 GC heap after
{Heap after GC invocations=32 (full 0):
 garbage-first heap   total 202752K, used 71897K [0x0000000080000000, 0x0000000100000000)
  region size 1024K, 1 young (1024K), 1 survivors (1024K)
 Metaspace       used 68555K, committed 70336K, reserved 487424K
  class space    used 9453K, committed 10368K, reserved 421888K
}
Event: 32.258 GC heap before
{Heap before GC invocations=32 (full 0):
 garbage-first heap   total 202752K, used 151769K [0x0000000080000000, 0x0000000100000000)
  region size 1024K, 71 young (72704K), 1 survivors (1024K)
 Metaspace       used 74149K, committed 75968K, reserved 552960K
  class space    used 10138K, committed 11072K, reserved 421888K
}
Event: 32.269 GC heap after
{Heap after GC invocations=33 (full 0):
 garbage-first heap   total 202752K, used 84302K [0x0000000080000000, 0x0000000100000000)
  region size 1024K, 9 young (9216K), 9 survivors (9216K)
 Metaspace       used 74149K, committed 75968K, reserved 552960K
  class space    used 10138K, committed 11072K, reserved 421888K
}
Event: 33.471 GC heap before
{Heap before GC invocations=33 (full 0):
 garbage-first heap   total 202752K, used 147790K [0x0000000080000000, 0x0000000100000000)
  region size 1024K, 71 young (72704K), 9 survivors (9216K)
 Metaspace       used 78588K, committed 80448K, reserved 552960K
  class space    used 10888K, committed 11840K, reserved 421888K
}
Event: 33.484 GC heap after
{Heap after GC invocations=34 (full 0):
 garbage-first heap   total 202752K, used 89402K [0x0000000080000000, 0x0000000100000000)
  region size 1024K, 5 young (5120K), 5 survivors (5120K)
 Metaspace       used 78588K, committed 80448K, reserved 552960K
  class space    used 10888K, committed 11840K, reserved 421888K
}
Event: 42.780 GC heap before
{Heap before GC invocations=34 (full 0):
 garbage-first heap   total 202752K, used 152890K [0x0000000080000000, 0x0000000100000000)
  region size 1024K, 67 young (68608K), 5 survivors (5120K)
 Metaspace       used 81970K, committed 83904K, reserved 552960K
  class space    used 11436K, committed 12416K, reserved 421888K
}
Event: 42.799 GC heap after
{Heap after GC invocations=35 (full 0):
 garbage-first heap   total 202752K, used 96691K [0x0000000080000000, 0x0000000100000000)
  region size 1024K, 8 young (8192K), 8 survivors (8192K)
 Metaspace       used 81970K, committed 83904K, reserved 552960K
  class space    used 11436K, committed 12416K, reserved 421888K
}
Event: 43.663 GC heap before
{Heap before GC invocations=35 (full 0):
 garbage-first heap   total 202752K, used 156083K [0x0000000080000000, 0x0000000100000000)
  region size 1024K, 66 young (67584K), 8 survivors (8192K)
 Metaspace       used 83519K, committed 85632K, reserved 552960K
  class space    used 11650K, committed 12736K, reserved 421888K
}
Event: 43.682 GC heap after
{Heap after GC invocations=36 (full 0):
 garbage-first heap   total 202752K, used 106139K [0x0000000080000000, 0x0000000100000000)
  region size 1024K, 9 young (9216K), 9 survivors (9216K)
 Metaspace       used 83519K, committed 85632K, reserved 552960K
  class space    used 11650K, committed 12736K, reserved 421888K
}
Event: 43.692 GC heap before
{Heap before GC invocations=36 (full 0):
 garbage-first heap   total 202752K, used 107163K [0x0000000080000000, 0x0000000100000000)
  region size 1024K, 11 young (11264K), 9 survivors (9216K)
 Metaspace       used 83525K, committed 85632K, reserved 552960K
  class space    used 11651K, committed 12736K, reserved 421888K
}
Event: 43.703 GC heap after
{Heap after GC invocations=37 (full 0):
 garbage-first heap   total 202752K, used 107877K [0x0000000080000000, 0x0000000100000000)
  region size 1024K, 2 young (2048K), 2 survivors (2048K)
 Metaspace       used 83525K, committed 85632K, reserved 552960K
  class space    used 11651K, committed 12736K, reserved 421888K
}
Event: 44.495 GC heap before
{Heap before GC invocations=38 (full 0):
 garbage-first heap   total 203776K, used 164197K [0x0000000080000000, 0x0000000100000000)
  region size 1024K, 49 young (50176K), 2 survivors (2048K)
 Metaspace       used 84105K, committed 86272K, reserved 552960K
  class space    used 11716K, committed 12800K, reserved 421888K
}
Event: 44.509 GC heap after
{Heap after GC invocations=39 (full 0):
 garbage-first heap   total 203776K, used 130048K [0x0000000080000000, 0x0000000100000000)
  region size 1024K, 7 young (7168K), 7 survivors (7168K)
 Metaspace       used 84105K, committed 86272K, reserved 552960K
  class space    used 11716K, committed 12800K, reserved 421888K
}
Event: 44.527 GC heap before
{Heap before GC invocations=39 (full 0):
 garbage-first heap   total 203776K, used 132096K [0x0000000080000000, 0x0000000100000000)
  region size 1024K, 9 young (9216K), 7 survivors (7168K)
 Metaspace       used 84111K, committed 86272K, reserved 552960K
  class space    used 11716K, committed 12800K, reserved 421888K
}
Event: 44.533 GC heap after
{Heap after GC invocations=40 (full 0):
 garbage-first heap   total 203776K, used 129957K [0x0000000080000000, 0x0000000100000000)
  region size 1024K, 1 young (1024K), 1 survivors (1024K)
 Metaspace       used 84111K, committed 86272K, reserved 552960K
  class space    used 11716K, committed 12800K, reserved 421888K
}
Event: 44.628 GC heap before
{Heap before GC invocations=40 (full 0):
 garbage-first heap   total 203776K, used 136101K [0x0000000080000000, 0x0000000100000000)
  region size 1024K, 9 young (9216K), 1 survivors (1024K)
 Metaspace       used 84149K, committed 86336K, reserved 552960K
  class space    used 11719K, committed 12800K, reserved 421888K
}

