# JRE version: Java(TM) SE Runtime Environment (18.0.2.1+1) (build 18.0.2.1+1-1)
# Java VM: Java HotSpot(TM) 64-Bit Server VM (18.0.2.1+1-1, mixed mode, sharing, tiered, compressed oops, compressed class ptrs, g1 gc, windows-amd64)
GC Precious Log:
 CardTable entry size: 512
 Card Set container configuration: InlinePtr #cards 5 size 8 Array Of Cards #cards 12 size 40 Howl #buckets 4 coarsen threshold 1843 Howl Bitmap #cards 512 size 80 coarsen threshold 460 Card regions per heap region 1 cards per card region 2048
 CPUs: 4 total, 4 available
 Memory: 8117M
 Large Page Support: Disabled
 NUMA Support: Disabled
 Compressed Oops: Enabled (32-bit)
 Heap Region Size: 1M
 Heap Min Capacity: 8M
 Heap Initial Capacity: 128M
 Heap Max Capacity: 2G
 Pre-touch: Disabled
 Parallel Workers: 4
 Concurrent Workers: 1
 Concurrent Refinement Workers: 4
 Periodic GC: Disabled
Heap:
 garbage-first heap   total 158720K, used 97370K [0x0000000080000000, 0x0000000100000000)
  region size 1024K, 5 young (5120K), 5 survivors (5120K)
 Metaspace       used 81292K, committed 83200K, reserved 552960K
  class space    used 11190K, committed 12160K, reserved 421888K
GC Heap History (20 events):
Event: 25.704 GC heap after
{Heap after GC invocations=23 (full 0):
 garbage-first heap   total 156672K, used 51066K [0x0000000080000000, 0x0000000100000000)
  region size 1024K, 1 young (1024K), 1 survivors (1024K)
 Metaspace       used 56225K, committed 57920K, reserved 487424K
  class space    used 7899K, committed 8768K, reserved 421888K
}
Event: 27.255 GC heap before
{Heap before GC invocations=23 (full 0):
 garbage-first heap   total 156672K, used 109434K [0x0000000080000000, 0x0000000100000000)
  region size 1024K, 58 young (59392K), 1 survivors (1024K)
 Metaspace       used 60609K, committed 62336K, reserved 487424K
  class space    used 8534K, committed 9408K, reserved 421888K
}
Event: 27.267 GC heap after
{Heap after GC invocations=24 (full 0):
 garbage-first heap   total 156672K, used 55725K [0x0000000080000000, 0x0000000100000000)
  region size 1024K, 5 young (5120K), 5 survivors (5120K)
 Metaspace       used 60609K, committed 62336K, reserved 487424K
  class space    used 8534K, committed 9408K, reserved 421888K
}
Event: 28.729 GC heap before
{Heap before GC invocations=24 (full 0):
 garbage-first heap   total 156672K, used 115117K [0x0000000080000000, 0x0000000100000000)
  region size 1024K, 62 young (63488K), 5 survivors (5120K)
 Metaspace       used 64429K, committed 66176K, reserved 487424K
  class space    used 8998K, committed 9856K, reserved 421888K
}
Event: 28.743 GC heap after
{Heap after GC invocations=25 (full 0):
 garbage-first heap   total 156672K, used 65801K [0x0000000080000000, 0x0000000100000000)
  region size 1024K, 8 young (8192K), 8 survivors (8192K)
 Metaspace       used 64429K, committed 66176K, reserved 487424K
  class space    used 8998K, committed 9856K, reserved 421888K
}
Event: 30.132 GC heap before
{Heap before GC invocations=25 (full 0):
 garbage-first heap   total 156672K, used 126217K [0x0000000080000000, 0x0000000100000000)
  region size 1024K, 58 young (59392K), 8 survivors (8192K)
 Metaspace       used 70543K, committed 72384K, reserved 487424K
  class space    used 9704K, committed 10624K, reserved 421888K
}
Event: 30.143 GC heap after
{Heap after GC invocations=26 (full 0):
 garbage-first heap   total 156672K, used 74935K [0x0000000080000000, 0x0000000100000000)
  region size 1024K, 7 young (7168K), 7 survivors (7168K)
 Metaspace       used 70543K, committed 72384K, reserved 487424K
  class space    used 9704K, committed 10624K, reserved 421888K
}
Event: 30.948 GC heap before
{Heap before GC invocations=26 (full 0):
 garbage-first heap   total 156672K, used 118967K [0x0000000080000000, 0x0000000100000000)
  region size 1024K, 51 young (52224K), 7 survivors (7168K)
 Metaspace       used 74213K, committed 76032K, reserved 552960K
  class space    used 10157K, committed 11072K, reserved 421888K
}
Event: 30.957 GC heap after
{Heap after GC invocations=27 (full 0):
 garbage-first heap   total 156672K, used 80178K [0x0000000080000000, 0x0000000100000000)
  region size 1024K, 5 young (5120K), 5 survivors (5120K)
 Metaspace       used 74213K, committed 76032K, reserved 552960K
  class space    used 10157K, committed 11072K, reserved 421888K
}
Event: 31.660 GC heap before
{Heap before GC invocations=28 (full 0):
 garbage-first heap   total 157696K, used 124210K [0x0000000080000000, 0x0000000100000000)
  region size 1024K, 46 young (47104K), 5 survivors (5120K)
 Metaspace       used 75174K, committed 77056K, reserved 552960K
  class space    used 10283K, committed 11200K, reserved 421888K
}
Event: 31.671 GC heap after
{Heap after GC invocations=29 (full 0):
 garbage-first heap   total 157696K, used 88226K [0x0000000080000000, 0x0000000100000000)
  region size 1024K, 6 young (6144K), 6 survivors (6144K)
 Metaspace       used 75174K, committed 77056K, reserved 552960K
  class space    used 10283K, committed 11200K, reserved 421888K
}
Event: 31.694 GC heap before
{Heap before GC invocations=29 (full 0):
 garbage-first heap   total 157696K, used 89250K [0x0000000080000000, 0x0000000100000000)
  region size 1024K, 7 young (7168K), 6 survivors (6144K)
 Metaspace       used 75253K, committed 77184K, reserved 552960K
  class space    used 10300K, committed 11264K, reserved 421888K
}
Event: 31.701 GC heap after
{Heap after GC invocations=30 (full 0):
 garbage-first heap   total 157696K, used 88565K [0x0000000080000000, 0x0000000100000000)
  region size 1024K, 1 young (1024K), 1 survivors (1024K)
 Metaspace       used 75253K, committed 77184K, reserved 552960K
  class space    used 10300K, committed 11264K, reserved 421888K
}
Event: 32.521 GC heap before
{Heap before GC invocations=30 (full 0):
 garbage-first heap   total 157696K, used 125429K [0x0000000080000000, 0x0000000100000000)
  region size 1024K, 38 young (38912K), 1 survivors (1024K)
 Metaspace       used 79477K, committed 81344K, reserved 552960K
  class space    used 11024K, committed 11968K, reserved 421888K
}
Event: 32.529 GC heap after
{Heap after GC invocations=31 (full 0):
 garbage-first heap   total 157696K, used 90086K [0x0000000080000000, 0x0000000100000000)
  region size 1024K, 3 young (3072K), 3 survivors (3072K)
 Metaspace       used 79477K, committed 81344K, reserved 552960K
  class space    used 11024K, committed 11968K, reserved 421888K
}
Event: 85.004 GC heap before
{Heap before GC invocations=32 (full 0):
 garbage-first heap   total 158720K, used 127974K [0x0000000080000000, 0x0000000100000000)
  region size 1024K, 40 young (40960K), 3 survivors (3072K)
 Metaspace       used 80612K, committed 82624K, reserved 552960K
  class space    used 11149K, committed 12160K, reserved 421888K
}
Event: 85.015 GC heap after
{Heap after GC invocations=33 (full 0):
 garbage-first heap   total 158720K, used 93934K [0x0000000080000000, 0x0000000100000000)
  region size 1024K, 5 young (5120K), 5 survivors (5120K)
 Metaspace       used 80612K, committed 82624K, reserved 552960K
  class space    used 11149K, committed 12160K, reserved 421888K
}
Event: 85.053 GC heap before
{Heap before GC invocations=33 (full 0):
 garbage-first heap   total 158720K, used 95982K [0x0000000080000000, 0x0000000100000000)
  region size 1024K, 7 young (7168K), 5 survivors (5120K)
 Metaspace       used 80644K, committed 82624K, reserved 552960K
  class space    used 11149K, committed 12160K, reserved 421888K
}
Event: 85.062 GC heap after
{Heap after GC invocations=34 (full 0):
 garbage-first heap   total 158720K, used 94100K [0x0000000080000000, 0x0000000100000000)
  region size 1024K, 1 young (1024K), 1 survivors (1024K)
 Metaspace       used 80644K, committed 82624K, reserved 552960K
  class space    used 11149K, committed 12160K, reserved 421888K
}
Event: 85.844 GC heap before
{Heap before GC invocations=34 (full 0):
 garbage-first heap   total 158720K, used 127892K [0x0000000080000000, 0x0000000100000000)
  region size 1024K, 35 young (35840K), 1 survivors (1024K)
 Metaspace       used 81292K, committed 83200K, reserved 552960K
  class space    used 11190K, committed 12160K, reserved 421888K
}

